# JRE version: OpenJDK Runtime Environment Temurin-21.0.10+7 (21.0.10+7) (build 21.0.10+7-LTS)
# Java VM: OpenJDK 64-Bit Server VM Temurin-21.0.10+7 (21.0.10+7-LTS, mixed mode, sharing, tiered, compressed oops, compressed class ptrs, parallel gc, windows-amd64)
GC Precious Log:
 CardTable entry size: 512
 CPUs: 12 total, 12 available
 Memory: 15741M
 Large Page Support: Disabled
 NUMA Support: Disabled
 Compressed Oops: Enabled (32-bit)
 Alignments: Space 512K, Generation 512K, Heap 2M
 Heap Min Capacity: 100M
 Heap Initial Capacity: 100M
 Heap Max Capacity: 2G
 Pre-touch: Disabled
 Parallel Workers: 10
Heap:
 PSYoungGen      total 6144K, used 525K [0x00000000d5580000, 0x00000000d6080000, 0x0000000100000000)
  eden space 5120K, 4% used [0x00000000d5580000,0x00000000d55bb7c0,0x00000000d5a80000)
  from space 1024K, 28% used [0x00000000d5e80000,0x00000000d5ec8000,0x00000000d5f80000)
  to   space 512K, 0% used [0x00000000d6000000,0x00000000d6000000,0x00000000d6080000)
 ParOldGen       total 83456K, used 68928K [0x0000000080000000, 0x0000000085180000, 0x00000000d5580000)
  object space 83456K, 82% used [0x0000000080000000,0x0000000084350200,0x0000000085180000)
 Metaspace       used 58947K, committed 60416K, reserved 1114112K
  class space    used 6343K, committed 6912K, reserved 1048576K
GC Heap History (20 events):
Event: 12.828 GC heap before
{Heap before GC invocations=77 (full 2):
 PSYoungGen      total 12800K, used 12592K [0x00000000d5580000, 0x00000000d6380000, 0x0000000100000000)
  eden space 12288K, 99% used [0x00000000d5580000,0x00000000d617c0d8,0x00000000d6180000)
  from space 512K, 62% used [0x00000000d6300000,0x00000000d6350000,0x00000000d6380000)
  to   space 512K, 0% used [0x00000000d6280000,0x00000000d6280000,0x00000000d6300000)
 ParOldGen       total 80896K, used 80576K [0x0000000080000000, 0x0000000084f00000, 0x00000000d5580000)
  object space 80896K, 99% used [0x0000000080000000,0x0000000084eb0200,0x0000000084f00000)
 Metaspace       used 55768K, committed 57216K, reserved 1114112K
  class space    used 6042K, committed 6656K, reserved 1048576K
}
Event: 12.829 GC heap after
{Heap after GC invocations=77 (full 2):
 PSYoungGen      total 12800K, used 502K [0x00000000d5580000, 0x00000000d6380000, 0x0000000100000000)
  eden space 12288K, 0% used [0x00000000d5580000,0x00000000d5580000,0x00000000d6180000)
  from space 512K, 98% used [0x00000000d6280000,0x00000000d62fda10,0x00000000d6300000)
  to   space 512K, 0% used [0x00000000d6300000,0x00000000d6300000,0x00000000d6380000)
 ParOldGen       total 80896K, used 80876K [0x0000000080000000, 0x0000000084f00000, 0x00000000d5580000)
  object space 80896K, 99% used [0x0000000080000000,0x0000000084efb300,0x0000000084f00000)
 Metaspace       used 55768K, committed 57216K, reserved 1114112K
  class space    used 6042K, committed 6656K, reserved 1048576K
}
Event: 12.936 GC heap before
{Heap before GC invocations=78 (full 2):
 PSYoungGen      total 12800K, used 12790K [0x00000000d5580000, 0x00000000d6380000, 0x0000000100000000)
  eden space 12288K, 100% used [0x00000000d5580000,0x00000000d6180000,0x00000000d6180000)
  from space 512K, 98% used [0x00000000d6280000,0x00000000d62fda10,0x00000000d6300000)
  to   space 512K, 0% used [0x00000000d6300000,0x00000000d6300000,0x00000000d6380000)
 ParOldGen       total 80896K, used 80876K [0x0000000080000000, 0x0000000084f00000, 0x00000000d5580000)
  object space 80896K, 99% used [0x0000000080000000,0x0000000084efb300,0x0000000084f00000)
 Metaspace       used 56182K, committed 57600K, reserved 1114112K
  class space    used 6090K, committed 6720K, reserved 1048576K
}
Event: 12.937 GC heap after
{Heap after GC invocations=78 (full 2):
 PSYoungGen      total 12800K, used 320K [0x00000000d5580000, 0x00000000d6380000, 0x0000000100000000)
  eden space 12288K, 0% used [0x00000000d5580000,0x00000000d5580000,0x00000000d6180000)
  from space 512K, 62% used [0x00000000d6300000,0x00000000d6350000,0x00000000d6380000)
  to   space 512K, 0% used [0x00000000d6280000,0x00000000d6280000,0x00000000d6300000)
 ParOldGen       total 81408K, used 81308K [0x0000000080000000, 0x0000000084f80000, 0x00000000d5580000)
  object space 81408K, 99% used [0x0000000080000000,0x0000000084f67320,0x0000000084f80000)
 Metaspace       used 56182K, committed 57600K, reserved 1114112K
  class space    used 6090K, committed 6720K, reserved 1048576K
}
Event: 13.110 GC heap before
{Heap before GC invocations=79 (full 2):
 PSYoungGen      total 12800K, used 12608K [0x00000000d5580000, 0x00000000d6380000, 0x0000000100000000)
  eden space 12288K, 100% used [0x00000000d5580000,0x00000000d6180000,0x00000000d6180000)
  from space 512K, 62% used [0x00000000d6300000,0x00000000d6350000,0x00000000d6380000)
  to   space 512K, 0% used [0x00000000d6280000,0x00000000d6280000,0x00000000d6300000)
 ParOldGen       total 81408K, used 81308K [0x0000000080000000, 0x0000000084f80000, 0x00000000d5580000)
  object space 81408K, 99% used [0x0000000080000000,0x0000000084f67320,0x0000000084f80000)
 Metaspace       used 57169K, committed 58624K, reserved 1114112K
  class space    used 6180K, committed 6784K, reserved 1048576K
}
Event: 13.111 GC heap after
{Heap after GC invocations=79 (full 2):
 PSYoungGen      total 12800K, used 512K [0x00000000d5580000, 0x00000000d6380000, 0x0000000100000000)
  eden space 12288K, 0% used [0x00000000d5580000,0x00000000d5580000,0x00000000d6180000)
  from space 512K, 100% used [0x00000000d6280000,0x00000000d6300000,0x00000000d6300000)
  to   space 512K, 0% used [0x00000000d6300000,0x00000000d6300000,0x00000000d6380000)
 ParOldGen       total 81920K, used 81436K [0x0000000080000000, 0x0000000085000000, 0x00000000d5580000)
  object space 81920K, 99% used [0x0000000080000000,0x0000000084f87320,0x0000000085000000)
 Metaspace       used 57169K, committed 58624K, reserved 1114112K
  class space    used 6180K, committed 6784K, reserved 1048576K
}
Event: 13.276 GC heap before
{Heap before GC invocations=80 (full 2):
 PSYoungGen      total 12800K, used 12800K [0x00000000d5580000, 0x00000000d6380000, 0x0000000100000000)
  eden space 12288K, 100% used [0x00000000d5580000,0x00000000d6180000,0x00000000d6180000)
  from space 512K, 100% used [0x00000000d6280000,0x00000000d6300000,0x00000000d6300000)
  to   space 512K, 0% used [0x00000000d6300000,0x00000000d6300000,0x00000000d6380000)
 ParOldGen       total 81920K, used 81436K [0x0000000080000000, 0x0000000085000000, 0x00000000d5580000)
  object space 81920K, 99% used [0x0000000080000000,0x0000000084f87320,0x0000000085000000)
 Metaspace       used 58041K, committed 59456K, reserved 1114112K
  class space    used 6264K, committed 6848K, reserved 1048576K
}
Event: 13.278 GC heap after
{Heap after GC invocations=80 (full 2):
 PSYoungGen      total 12288K, used 487K [0x00000000d5580000, 0x00000000d6580000, 0x0000000100000000)
  eden space 11776K, 0% used [0x00000000d5580000,0x00000000d5580000,0x00000000d6100000)
  from space 512K, 95% used [0x00000000d6300000,0x00000000d6379c98,0x00000000d6380000)
  to   space 2048K, 0% used [0x00000000d6100000,0x00000000d6100000,0x00000000d6300000)
 ParOldGen       total 82944K, used 82586K [0x0000000080000000, 0x0000000085100000, 0x00000000d5580000)
  object space 82944K, 99% used [0x0000000080000000,0x00000000850a6a98,0x0000000085100000)
 Metaspace       used 58041K, committed 59456K, reserved 1114112K
  class space    used 6264K, committed 6848K, reserved 1048576K
}
Event: 13.319 GC heap before
{Heap before GC invocations=81 (full 2):
 PSYoungGen      total 12288K, used 4112K [0x00000000d5580000, 0x00000000d6580000, 0x0000000100000000)
  eden space 11776K, 30% used [0x00000000d5580000,0x00000000d590a3f8,0x00000000d6100000)
  from space 512K, 95% used [0x00000000d6300000,0x00000000d6379c98,0x00000000d6380000)
  to   space 2048K, 0% used [0x00000000d6100000,0x00000000d6100000,0x00000000d6300000)
 ParOldGen       total 82944K, used 82586K [0x0000000080000000, 0x0000000085100000, 0x00000000d5580000)
  object space 82944K, 99% used [0x0000000080000000,0x00000000850a6a98,0x0000000085100000)
 Metaspace       used 58358K, committed 59776K, reserved 1114112K
  class space    used 6328K, committed 6912K, reserved 1048576K
}
Event: 13.320 GC heap after
{Heap after GC invocations=81 (full 2):
 PSYoungGen      total 12288K, used 362K [0x00000000d5580000, 0x00000000d6380000, 0x0000000100000000)
  eden space 11776K, 0% used [0x00000000d5580000,0x00000000d5580000,0x00000000d6100000)
  from space 512K, 70% used [0x00000000d6100000,0x00000000d615aad8,0x00000000d6180000)
  to   space 1024K, 0% used [0x00000000d6280000,0x00000000d6280000,0x00000000d6380000)
 ParOldGen       total 83456K, used 82999K [0x0000000080000000, 0x0000000085180000, 0x00000000d5580000)
  object space 83456K, 99% used [0x0000000080000000,0x000000008510de70,0x0000000085180000)
 Metaspace       used 58358K, committed 59776K, reserved 1114112K
  class space    used 6328K, committed 6912K, reserved 1048576K
}
Event: 13.320 GC heap before
{Heap before GC invocations=82 (full 3):
 PSYoungGen      total 12288K, used 362K [0x00000000d5580000, 0x00000000d6380000, 0x0000000100000000)
  eden space 11776K, 0% used [0x00000000d5580000,0x00000000d5580000,0x00000000d6100000)
  from space 512K, 70% used [0x00000000d6100000,0x00000000d615aad8,0x00000000d6180000)
  to   space 1024K, 0% used [0x00000000d6280000,0x00000000d6280000,0x00000000d6380000)
 ParOldGen       total 83456K, used 82999K [0x0000000080000000, 0x0000000085180000, 0x00000000d5580000)
  object space 83456K, 99% used [0x0000000080000000,0x000000008510de70,0x0000000085180000)
 Metaspace       used 58358K, committed 59776K, reserved 1114112K
  class space    used 6328K, committed 6912K, reserved 1048576K
}
Event: 13.408 GC heap after
{Heap after GC invocations=82 (full 3):
 PSYoungGen      total 12288K, used 0K [0x00000000d5580000, 0x00000000d6380000, 0x0000000100000000)
  eden space 11776K, 0% used [0x00000000d5580000,0x00000000d5580000,0x00000000d6100000)
  from space 512K, 0% used [0x00000000d6100000,0x00000000d6100000,0x00000000d6180000)
  to   space 1024K, 0% used [0x00000000d6280000,0x00000000d6280000,0x00000000d6380000)
 ParOldGen       total 83456K, used 62514K [0x0000000080000000, 0x0000000085180000, 0x00000000d5580000)
  object space 83456K, 74% used [0x0000000080000000,0x0000000083d0c8d8,0x0000000085180000)
 Metaspace       used 58352K, committed 59776K, reserved 1114112K
  class space    used 6326K, committed 6912K, reserved 1048576K
}
Event: 22.598 GC heap before
{Heap before GC invocations=83 (full 3):
 PSYoungGen      total 12288K, used 11776K [0x00000000d5580000, 0x00000000d6380000, 0x0000000100000000)
  eden space 11776K, 100% used [0x00000000d5580000,0x00000000d6100000,0x00000000d6100000)
  from space 512K, 0% used [0x00000000d6100000,0x00000000d6100000,0x00000000d6180000)
  to   space 1024K, 0% used [0x00000000d6280000,0x00000000d6280000,0x00000000d6380000)
 ParOldGen       total 83456K, used 62514K [0x0000000080000000, 0x0000000085180000, 0x00000000d5580000)
  object space 83456K, 74% used [0x0000000080000000,0x0000000083d0c8d8,0x0000000085180000)
 Metaspace       used 58660K, committed 60096K, reserved 1114112K
  class space    used 6331K, committed 6912K, reserved 1048576K
}
Event: 22.600 GC heap after
{Heap after GC invocations=83 (full 3):
 PSYoungGen      total 6144K, used 1012K [0x00000000d5580000, 0x00000000d7100000, 0x0000000100000000)
  eden space 5120K, 0% used [0x00000000d5580000,0x00000000d5580000,0x00000000d5a80000)
  from space 1024K, 98% used [0x00000000d6280000,0x00000000d637d178,0x00000000d6380000)
  to   space 8192K, 0% used [0x00000000d5a80000,0x00000000d5a80000,0x00000000d6280000)
 ParOldGen       total 83456K, used 68368K [0x0000000080000000, 0x0000000085180000, 0x00000000d5580000)
  object space 83456K, 81% used [0x0000000080000000,0x00000000842c4200,0x0000000085180000)
 Metaspace       used 58660K, committed 60096K, reserved 1114112K
  class space    used 6331K, committed 6912K, reserved 1048576K
}
Event: 109.910 GC heap before
{Heap before GC invocations=84 (full 3):
 PSYoungGen      total 6144K, used 6132K [0x00000000d5580000, 0x00000000d7100000, 0x0000000100000000)
  eden space 5120K, 99% used [0x00000000d5580000,0x00000000d5a7fff0,0x00000000d5a80000)
  from space 1024K, 98% used [0x00000000d6280000,0x00000000d637d178,0x00000000d6380000)
  to   space 8192K, 0% used [0x00000000d5a80000,0x00000000d5a80000,0x00000000d6280000)
 ParOldGen       total 83456K, used 68368K [0x0000000080000000, 0x0000000085180000, 0x00000000d5580000)
  object space 83456K, 81% used [0x0000000080000000,0x00000000842c4200,0x0000000085180000)
 Metaspace       used 58766K, committed 60160K, reserved 1114112K
  class space    used 6339K, committed 6912K, reserved 1048576K
}
Event: 109.911 GC heap after
{Heap after GC invocations=84 (full 3):
 PSYoungGen      total 5632K, used 448K [0x00000000d5580000, 0x00000000d6300000, 0x0000000100000000)
  eden space 5120K, 0% used [0x00000000d5580000,0x00000000d5580000,0x00000000d5a80000)
  from space 512K, 87% used [0x00000000d5a80000,0x00000000d5af0000,0x00000000d5b00000)
  to   space 3072K, 0% used [0x00000000d6000000,0x00000000d6000000,0x00000000d6300000)
 ParOldGen       total 83456K, used 68504K [0x0000000080000000, 0x0000000085180000, 0x00000000d5580000)
  object space 83456K, 82% used [0x0000000080000000,0x00000000842e6200,0x0000000085180000)
 Metaspace       used 58766K, committed 60160K, reserved 1114112K
  class space    used 6339K, committed 6912K, reserved 1048576K
}
Event: 1213.259 GC heap before
{Heap before GC invocations=85 (full 3):
 PSYoungGen      total 5632K, used 5568K [0x00000000d5580000, 0x00000000d6300000, 0x0000000100000000)
  eden space 5120K, 100% used [0x00000000d5580000,0x00000000d5a80000,0x00000000d5a80000)
  from space 512K, 87% used [0x00000000d5a80000,0x00000000d5af0000,0x00000000d5b00000)
  to   space 3072K, 0% used [0x00000000d6000000,0x00000000d6000000,0x00000000d6300000)
 ParOldGen       total 83456K, used 68504K [0x0000000080000000, 0x0000000085180000, 0x00000000d5580000)
  object space 83456K, 82% used [0x0000000080000000,0x00000000842e6200,0x0000000085180000)
 Metaspace       used 58888K, committed 60288K, reserved 1114112K
  class space    used 6343K, committed 6912K, reserved 1048576K
}
Event: 1213.260 GC heap after
{Heap after GC invocations=85 (full 3):
 PSYoungGen      total 5632K, used 288K [0x00000000d5580000, 0x00000000d6080000, 0x0000000100000000)
  eden space 5120K, 0% used [0x00000000d5580000,0x00000000d5580000,0x00000000d5a80000)
  from space 512K, 56% used [0x00000000d6000000,0x00000000d6048000,0x00000000d6080000)
  to   space 1024K, 0% used [0x00000000d5e80000,0x00000000d5e80000,0x00000000d5f80000)
 ParOldGen       total 83456K, used 68864K [0x0000000080000000, 0x0000000085180000, 0x00000000d5580000)
  object space 83456K, 82% used [0x0000000080000000,0x0000000084340200,0x0000000085180000)
 Metaspace       used 58888K, committed 60288K, reserved 1114112K
  class space    used 6343K, committed 6912K, reserved 1048576K
}
Event: 2439.634 GC heap before
{Heap before GC invocations=86 (full 3):
 PSYoungGen      total 5632K, used 5408K [0x00000000d5580000, 0x00000000d6080000, 0x0000000100000000)
  eden space 5120K, 100% used [0x00000000d5580000,0x00000000d5a80000,0x00000000d5a80000)
  from space 512K, 56% used [0x00000000d6000000,0x00000000d6048000,0x00000000d6080000)
  to   space 1024K, 0% used [0x00000000d5e80000,0x00000000d5e80000,0x00000000d5f80000)
 ParOldGen       total 83456K, used 68864K [0x0000000080000000, 0x0000000085180000, 0x00000000d5580000)
  object space 83456K, 82% used [0x0000000080000000,0x0000000084340200,0x0000000085180000)
 Metaspace       used 58932K, committed 60288K, reserved 1114112K
  class space    used 6343K, committed 6912K, reserved 1048576K
}
Event: 2439.637 GC heap after
{Heap after GC invocations=86 (full 3):
 PSYoungGen      total 6144K, used 288K [0x00000000d5580000, 0x00000000d6080000, 0x0000000100000000)
  eden space 5120K, 0% used [0x00000000d5580000,0x00000000d5580000,0x00000000d5a80000)
  from space 1024K, 28% used [0x00000000d5e80000,0x00000000d5ec8000,0x00000000d5f80000)
  to   space 512K, 0% used [0x00000000d6000000,0x00000000d6000000,0x00000000d6080000)
 ParOldGen       total 83456K, used 68928K [0x0000000080000000, 0x0000000085180000, 0x00000000d5580000)
  object space 83456K, 82% used [0x0000000080000000,0x0000000084350200,0x0000000085180000)
 Metaspace       used 58932K, committed 60288K, reserved 1114112K
  class space    used 6343K, committed 6912K, reserved 1048576K
}

